<?xml version="1.0" encoding="UTF-8" ?>
<testsuite errors="0" failures="1" hostname="evmandre-Aspire-7750G" name="demoapp.EventTests" tests="1" time="1.119" timestamp="2014-02-27T17:17:24">
  <properties />
  <testcase classname="demoapp.EventTests" name="testSomething" time="0.966">
    <failure message="junit.framework.AssertionFailedError: Implement me" type="junit.framework.AssertionFailedError">junit.framework.AssertionFailedError: junit.framework.AssertionFailedError: Implement me
	at demoapp.EventTests.testSomething(EventTests.groovy:15)
</failure>
  </testcase>
  <system-out><![CDATA[--Output from testSomething--
]]></system-out>
  <system-err><![CDATA[--Output from testSomething--
]]></system-err>
</testsuite>
